<?xml version="1.0" encoding="UTF-8"?>
<!-- Generated by org.testng.reporters.JUnitReportReporter -->
<testsuite hostname="BANL12fd1cb7b.local" name="org.collegeboard.qotdplus.SampleTest" tests="3" failures="0" timestamp="29 Nov 2015 18:08:22 GMT" time="35.459" errors="0">
  <testcase name="testNclickToSignIn" time="21.909" classname="org.collegeboard.qotdplus.SampleTest"/>
  <testcase name="testNsignIN" time="13.092" classname="org.collegeboard.qotdplus.SampleTest"/>
  <testcase name="testNavigateToMenu" time="0.458" classname="org.collegeboard.qotdplus.SampleTest"/>
</testsuite>
